data/build/intermediates/manifest_merge_blame_file/debug/manifest-merger-blame-debug-report.txt
1<?xml version="1.0" encoding="utf-8"?>
2<manifest xmlns:android="http://schemas.android.com/apk/res/android"
3    package="yello.data" >
4
5    <uses-sdk
6        android:minSdkVersion="17"
6-->src\main\AndroidManifest.xml
7        android:targetSdkVersion="30" />
7-->src\main\AndroidManifest.xml
8
9    <uses-permission android:name="android.permission.ACCESS_NETWORK_STATE" />
9-->src\main\AndroidManifest.xml:4:5-79
9-->src\main\AndroidManifest.xml:4:22-76
10    <uses-permission android:name="android.permission.CHANGE_NETWORK_STATE" />
10-->src\main\AndroidManifest.xml:5:5-79
10-->src\main\AndroidManifest.xml:5:22-76
11    <uses-permission android:name="android.permission.ACCESS_WIFI_STATE" />
11-->src\main\AndroidManifest.xml:6:5-76
11-->src\main\AndroidManifest.xml:6:22-73
12    <uses-permission android:name="android.permission.CHANGE_WIFI_MULTICAST_STATE" />
12-->src\main\AndroidManifest.xml:7:5-86
12-->src\main\AndroidManifest.xml:7:22-83
13    <uses-permission android:name="android.permission.INTERNET" />
13-->src\main\AndroidManifest.xml:8:5-67
13-->src\main\AndroidManifest.xml:8:22-64
14
15    <uses-feature
15-->src\main\AndroidManifest.xml:10:5-12:36
16        android:name="android.hardware.wifi"
16-->src\main\AndroidManifest.xml:11:9-45
17        android:required="false" />
17-->src\main\AndroidManifest.xml:12:9-33
18    <uses-feature
18-->src\main\AndroidManifest.xml:13:5-15:36
19        android:name="android.hardware.screen.PORTRAIT"
19-->src\main\AndroidManifest.xml:14:9-56
20        android:required="false" />
20-->src\main\AndroidManifest.xml:15:9-33
21
22</manifest>